<?xml version="1.0" encoding="UTF-8"?>
<testsuite xmlns:xsi="http://www.w3.org/2001/XMLSchema-instance" xsi:noNamespaceSchemaLocation="https://maven.apache.org/surefire/maven-surefire-plugin/xsd/surefire-test-report-3.0.xsd" version="3.0" name="com.decafmango.lab_1.Lab1ApplicationTests" time="2.884" tests="1" errors="0" skipped="0" failures="0">
  <properties>
[...]
</properties>
  <testcase name="contextLoads" classname="com.decafmango.lab_1.Lab1ApplicationTests" time="0.401">
    <system-out><![CDATA[13:02:59.030 [main] INFO org.springframework.test.context.support.AnnotationConfigContextLoaderUtils -- Could not detect default configuration classes for test class [com.decafmango.lab_1.Lab1ApplicationTests]: Lab1ApplicationTests does not declare any static, non-private, non-final, nested classes annotated with @Configuration.
13:02:59.079 [main] INFO org.springframework.boot.test.context.SpringBootTestContextBootstrapper -- Found @SpringBootConfiguration com.decafmango.lab_1.Lab1Application for test class com.decafmango.lab_1.Lab1ApplicationTests

  .   ____          _            __ _ _
 /\\ / ___'_ __ _ _(_)_ __  __ _ \ \ \ \
( ( )\___ | '_ | '_| | '_ \/ _` | \ \ \ \
 \\/  ___)| |_)| | | | | || (_| |  ) ) ) )
  '  |____| .__|_| |_|_| |_\__, | / / / /
 =========|_|==============|___/=/_/_/_/

 :: Spring Boot ::                (v3.3.4)

2024-12-10T13:02:59.274+03:00  INFO 58404 --- [lab_1] [           main] c.decafmango.lab_1.Lab1ApplicationTests  : Starting Lab1ApplicationTests using Java 17.0.12 with PID 58404 (started by decafmango in /Users/decafmango/Desktop/lab_1)
2024-12-10T13:02:59.275+03:00  INFO 58404 --- [lab_1] [           main] c.decafmango.lab_1.Lab1ApplicationTests  : No active profile set, falling back to 1 default profile: "default"
2024-12-10T13:02:59.629+03:00  INFO 58404 --- [lab_1] [           main] .s.d.r.c.RepositoryConfigurationDelegate : Bootstrapping Spring Data JPA repositories in DEFAULT mode.
2024-12-10T13:02:59.670+03:00  INFO 58404 --- [lab_1] [           main] .s.d.r.c.RepositoryConfigurationDelegate : Finished Spring Data repository scanning in 38 ms. Found 6 JPA repository interfaces.
2024-12-10T13:03:00.075+03:00  INFO 58404 --- [lab_1] [           main] j.LocalContainerEntityManagerFactoryBean : Initialized JPA EntityManagerFactory for persistence unit 'default'
[EL Info]: 2024-12-10 13:03:00.112--ServerSession(105860882)--EclipseLink, version: Eclipse Persistence Services - 4.0.4.v202407190748-059428cdd2583c46f1f3e50d235854840a6fa9a7
2024-12-10T13:03:00.742+03:00  INFO 58404 --- [lab_1] [           main] o.s.d.j.r.query.QueryEnhancerFactory     : EclipseLink is in classpath; If applicable, EQL parser will be used.
2024-12-10T13:03:00.742+03:00  INFO 58404 --- [lab_1] [           main] o.s.d.j.r.query.QueryEnhancerFactory     : Hibernate is in classpath; If applicable, HQL parser will be used.
2024-12-10T13:03:01.113+03:00  INFO 58404 --- [lab_1] [           main] r$InitializeUserDetailsManagerConfigurer : Global AuthenticationManager configured with UserDetailsService bean with name customUserDetailsService
2024-12-10T13:03:01.115+03:00  WARN 58404 --- [lab_1] [           main] JpaBaseConfiguration$JpaWebConfiguration : spring.jpa.open-in-view is enabled by default. Therefore, database queries may be performed during view rendering. Explicitly configure spring.jpa.open-in-view to disable this warning
2024-12-10T13:03:01.423+03:00  INFO 58404 --- [lab_1] [           main] c.decafmango.lab_1.Lab1ApplicationTests  : Started Lab1ApplicationTests in 2.284 seconds (process running for 2.733)
]]></system-out>
  </testcase>
</testsuite>